{
  "uid" : "f191c65fbedb89ab",
  "name" : "test01_send_text_0",
  "fullName" : "test_scripts.test_fwgl.Test_demo01#test01_send_text_0",
  "historyId" : "df4969769b95888b8ae4a68ea33c4bb8",
  "time" : {
    "start" : 1608175736153,
    "stop" : 1608175771500,
    "duration" : 35347
  },
  "status" : "broken",
  "statusMessage" : "selenium.common.exceptions.InvalidArgumentException: Message: invalid argument: 'using' must be a string\n  (Session info: chrome=85.0.4183.121)",
  "statusTrace" : "a = (<test_scripts.test_fwgl.Test_demo01 testMethod=test01_send_text_0>,)\n\n    @wraps(func)\n    def standalone_func(*a):\n>       return func(*(a + p.args), **p.kwargs)\n\nd:\\soft_install\\python3.8.5\\lib\\site-packages\\parameterized\\parameterized.py:530: \n_ _ _ _ _ _ _ _ _ _ _ _ _ _ _ _ _ _ _ _ _ _ _ _ _ _ _ _ _ _ _ _ _ _ _ _ _ _ _ _ _ _ _ _ _ _ _ _ _ _ _ _ _ _ _ _ _ _ _ _ _ _ _ _ _ _ _ _ _ _ _ _ _ _ _ _ _ _ _ _ _ _ _ _ _ _ _ _ _ \ntest_scripts\\test_fwgl.py:59: in test01_send_text\n    self.DocumentProxy.send_proxy(rec_name)  # 发送给指定的接收人\npage\\Document_process.py:127: in send_proxy\n    self.send_flow.send_text_flow(rec_name)\nmodule\\send.py:60: in send_text_flow\n    if (wjbt in self.documentHandle.get_document_titles()[0]) and (name in self.documentHandle.get_current_person()[0]):\nmodule\\document_handle.py:13: in get_document_titles\n    eles = self.action.find_elements(self.document_title)\nd:\\soft_install\\python3.8.5\\lib\\site-packages\\selenium\\webdriver\\remote\\webdriver.py:1005: in find_elements\n    return self.execute(Command.FIND_ELEMENTS, {\nd:\\soft_install\\python3.8.5\\lib\\site-packages\\selenium\\webdriver\\remote\\webdriver.py:321: in execute\n    self.error_handler.check_response(response)\n_ _ _ _ _ _ _ _ _ _ _ _ _ _ _ _ _ _ _ _ _ _ _ _ _ _ _ _ _ _ _ _ _ _ _ _ _ _ _ _ _ _ _ _ _ _ _ _ _ _ _ _ _ _ _ _ _ _ _ _ _ _ _ _ _ _ _ _ _ _ _ _ _ _ _ _ _ _ _ _ _ _ _ _ _ _ _ _ _ \n\nself = <selenium.webdriver.remote.errorhandler.ErrorHandler object at 0x0000023B0AEC9F10>\nresponse = {'status': 400, 'value': '{\"value\":{\"error\":\"invalid argument\",\"message\":\"invalid argument: \\'using\\' must be a string...\\n\\\\tRtlGetAppContainerNamedObjectPath [0x77444A77+311]\\\\n\\\\tRtlGetAppContainerNamedObjectPath [0x77444A47+263]\\\\n\"}}'}\n\n    def check_response(self, response):\n        \"\"\"\n        Checks that a JSON response from the WebDriver does not have an error.\n    \n        :Args:\n         - response - The JSON response from the WebDriver server as a dictionary\n           object.\n    \n        :Raises: If the response contains an error message.\n        \"\"\"\n        status = response.get('status', None)\n        if status is None or status == ErrorCode.SUCCESS:\n            return\n        value = None\n        message = response.get(\"message\", \"\")\n        screen = response.get(\"screen\", \"\")\n        stacktrace = None\n        if isinstance(status, int):\n            value_json = response.get('value', None)\n            if value_json and isinstance(value_json, basestring):\n                import json\n                try:\n                    value = json.loads(value_json)\n                    if len(value.keys()) == 1:\n                        value = value['value']\n                    status = value.get('error', None)\n                    if status is None:\n                        status = value[\"status\"]\n                        message = value[\"value\"]\n                        if not isinstance(message, basestring):\n                            value = message\n                            message = message.get('message')\n                    else:\n                        message = value.get('message', None)\n                except ValueError:\n                    pass\n    \n        exception_class = ErrorInResponseException\n        if status in ErrorCode.NO_SUCH_ELEMENT:\n            exception_class = NoSuchElementException\n        elif status in ErrorCode.NO_SUCH_FRAME:\n            exception_class = NoSuchFrameException\n        elif status in ErrorCode.NO_SUCH_WINDOW:\n            exception_class = NoSuchWindowException\n        elif status in ErrorCode.STALE_ELEMENT_REFERENCE:\n            exception_class = StaleElementReferenceException\n        elif status in ErrorCode.ELEMENT_NOT_VISIBLE:\n            exception_class = ElementNotVisibleException\n        elif status in ErrorCode.INVALID_ELEMENT_STATE:\n            exception_class = InvalidElementStateException\n        elif status in ErrorCode.INVALID_SELECTOR \\\n                or status in ErrorCode.INVALID_XPATH_SELECTOR \\\n                or status in ErrorCode.INVALID_XPATH_SELECTOR_RETURN_TYPER:\n            exception_class = InvalidSelectorException\n        elif status in ErrorCode.ELEMENT_IS_NOT_SELECTABLE:\n            exception_class = ElementNotSelectableException\n        elif status in ErrorCode.ELEMENT_NOT_INTERACTABLE:\n            exception_class = ElementNotInteractableException\n        elif status in ErrorCode.INVALID_COOKIE_DOMAIN:\n            exception_class = InvalidCookieDomainException\n        elif status in ErrorCode.UNABLE_TO_SET_COOKIE:\n            exception_class = UnableToSetCookieException\n        elif status in ErrorCode.TIMEOUT:\n            exception_class = TimeoutException\n        elif status in ErrorCode.SCRIPT_TIMEOUT:\n            exception_class = TimeoutException\n        elif status in ErrorCode.UNKNOWN_ERROR:\n            exception_class = WebDriverException\n        elif status in ErrorCode.UNEXPECTED_ALERT_OPEN:\n            exception_class = UnexpectedAlertPresentException\n        elif status in ErrorCode.NO_ALERT_OPEN:\n            exception_class = NoAlertPresentException\n        elif status in ErrorCode.IME_NOT_AVAILABLE:\n            exception_class = ImeNotAvailableException\n        elif status in ErrorCode.IME_ENGINE_ACTIVATION_FAILED:\n            exception_class = ImeActivationFailedException\n        elif status in ErrorCode.MOVE_TARGET_OUT_OF_BOUNDS:\n            exception_class = MoveTargetOutOfBoundsException\n        elif status in ErrorCode.JAVASCRIPT_ERROR:\n            exception_class = JavascriptException\n        elif status in ErrorCode.SESSION_NOT_CREATED:\n            exception_class = SessionNotCreatedException\n        elif status in ErrorCode.INVALID_ARGUMENT:\n            exception_class = InvalidArgumentException\n        elif status in ErrorCode.NO_SUCH_COOKIE:\n            exception_class = NoSuchCookieException\n        elif status in ErrorCode.UNABLE_TO_CAPTURE_SCREEN:\n            exception_class = ScreenshotException\n        elif status in ErrorCode.ELEMENT_CLICK_INTERCEPTED:\n            exception_class = ElementClickInterceptedException\n        elif status in ErrorCode.INSECURE_CERTIFICATE:\n            exception_class = InsecureCertificateException\n        elif status in ErrorCode.INVALID_COORDINATES:\n            exception_class = InvalidCoordinatesException\n        elif status in ErrorCode.INVALID_SESSION_ID:\n            exception_class = InvalidSessionIdException\n        elif status in ErrorCode.UNKNOWN_METHOD:\n            exception_class = UnknownMethodException\n        else:\n            exception_class = WebDriverException\n        if value == '' or value is None:\n            value = response['value']\n        if isinstance(value, basestring):\n            if exception_class == ErrorInResponseException:\n                raise exception_class(response, value)\n            raise exception_class(value)\n        if message == \"\" and 'message' in value:\n            message = value['message']\n    \n        screen = None\n        if 'screen' in value:\n            screen = value['screen']\n    \n        stacktrace = None\n        if 'stackTrace' in value and value['stackTrace']:\n            stacktrace = []\n            try:\n                for frame in value['stackTrace']:\n                    line = self._value_or_default(frame, 'lineNumber', '')\n                    file = self._value_or_default(frame, 'fileName', '<anonymous>')\n                    if line:\n                        file = \"%s:%s\" % (file, line)\n                    meth = self._value_or_default(frame, 'methodName', '<anonymous>')\n                    if 'className' in frame:\n                        meth = \"%s.%s\" % (frame['className'], meth)\n                    msg = \"    at %s (%s)\"\n                    msg = msg % (meth, file)\n                    stacktrace.append(msg)\n            except TypeError:\n                pass\n        if exception_class == ErrorInResponseException:\n            raise exception_class(response, message)\n        elif exception_class == UnexpectedAlertPresentException:\n            alert_text = None\n            if 'data' in value:\n                alert_text = value['data'].get('text')\n            elif 'alert' in value:\n                alert_text = value['alert'].get('text')\n            raise exception_class(message, screen, stacktrace, alert_text)\n>       raise exception_class(message, screen, stacktrace)\nE       selenium.common.exceptions.InvalidArgumentException: Message: invalid argument: 'using' must be a string\nE         (Session info: chrome=85.0.4183.121)\n\nd:\\soft_install\\python3.8.5\\lib\\site-packages\\selenium\\webdriver\\remote\\errorhandler.py:242: InvalidArgumentException",
  "flaky" : true,
  "beforeStages" : [ {
    "name" : "_Class__pytest_setup_class",
    "time" : {
      "start" : 1608175736152,
      "stop" : 1608175736152,
      "duration" : 0
    },
    "status" : "passed",
    "steps" : [ ],
    "attachments" : [ ],
    "parameters" : [ ],
    "hasContent" : false,
    "stepsCount" : 0,
    "shouldDisplayMessage" : false,
    "attachmentsCount" : 0
  }, {
    "name" : "_UnitTestCase__pytest_class_setup",
    "time" : {
      "start" : 1608175736152,
      "stop" : 1608175736152,
      "duration" : 0
    },
    "status" : "passed",
    "steps" : [ ],
    "attachments" : [ ],
    "parameters" : [ ],
    "hasContent" : false,
    "stepsCount" : 0,
    "shouldDisplayMessage" : false,
    "attachmentsCount" : 0
  } ],
  "testStage" : {
    "status" : "broken",
    "statusMessage" : "selenium.common.exceptions.InvalidArgumentException: Message: invalid argument: 'using' must be a string\n  (Session info: chrome=85.0.4183.121)",
    "statusTrace" : "a = (<test_scripts.test_fwgl.Test_demo01 testMethod=test01_send_text_0>,)\n\n    @wraps(func)\n    def standalone_func(*a):\n>       return func(*(a + p.args), **p.kwargs)\n\nd:\\soft_install\\python3.8.5\\lib\\site-packages\\parameterized\\parameterized.py:530: \n_ _ _ _ _ _ _ _ _ _ _ _ _ _ _ _ _ _ _ _ _ _ _ _ _ _ _ _ _ _ _ _ _ _ _ _ _ _ _ _ _ _ _ _ _ _ _ _ _ _ _ _ _ _ _ _ _ _ _ _ _ _ _ _ _ _ _ _ _ _ _ _ _ _ _ _ _ _ _ _ _ _ _ _ _ _ _ _ _ \ntest_scripts\\test_fwgl.py:59: in test01_send_text\n    self.DocumentProxy.send_proxy(rec_name)  # 发送给指定的接收人\npage\\Document_process.py:127: in send_proxy\n    self.send_flow.send_text_flow(rec_name)\nmodule\\send.py:60: in send_text_flow\n    if (wjbt in self.documentHandle.get_document_titles()[0]) and (name in self.documentHandle.get_current_person()[0]):\nmodule\\document_handle.py:13: in get_document_titles\n    eles = self.action.find_elements(self.document_title)\nd:\\soft_install\\python3.8.5\\lib\\site-packages\\selenium\\webdriver\\remote\\webdriver.py:1005: in find_elements\n    return self.execute(Command.FIND_ELEMENTS, {\nd:\\soft_install\\python3.8.5\\lib\\site-packages\\selenium\\webdriver\\remote\\webdriver.py:321: in execute\n    self.error_handler.check_response(response)\n_ _ _ _ _ _ _ _ _ _ _ _ _ _ _ _ _ _ _ _ _ _ _ _ _ _ _ _ _ _ _ _ _ _ _ _ _ _ _ _ _ _ _ _ _ _ _ _ _ _ _ _ _ _ _ _ _ _ _ _ _ _ _ _ _ _ _ _ _ _ _ _ _ _ _ _ _ _ _ _ _ _ _ _ _ _ _ _ _ \n\nself = <selenium.webdriver.remote.errorhandler.ErrorHandler object at 0x0000023B0AEC9F10>\nresponse = {'status': 400, 'value': '{\"value\":{\"error\":\"invalid argument\",\"message\":\"invalid argument: \\'using\\' must be a string...\\n\\\\tRtlGetAppContainerNamedObjectPath [0x77444A77+311]\\\\n\\\\tRtlGetAppContainerNamedObjectPath [0x77444A47+263]\\\\n\"}}'}\n\n    def check_response(self, response):\n        \"\"\"\n        Checks that a JSON response from the WebDriver does not have an error.\n    \n        :Args:\n         - response - The JSON response from the WebDriver server as a dictionary\n           object.\n    \n        :Raises: If the response contains an error message.\n        \"\"\"\n        status = response.get('status', None)\n        if status is None or status == ErrorCode.SUCCESS:\n            return\n        value = None\n        message = response.get(\"message\", \"\")\n        screen = response.get(\"screen\", \"\")\n        stacktrace = None\n        if isinstance(status, int):\n            value_json = response.get('value', None)\n            if value_json and isinstance(value_json, basestring):\n                import json\n                try:\n                    value = json.loads(value_json)\n                    if len(value.keys()) == 1:\n                        value = value['value']\n                    status = value.get('error', None)\n                    if status is None:\n                        status = value[\"status\"]\n                        message = value[\"value\"]\n                        if not isinstance(message, basestring):\n                            value = message\n                            message = message.get('message')\n                    else:\n                        message = value.get('message', None)\n                except ValueError:\n                    pass\n    \n        exception_class = ErrorInResponseException\n        if status in ErrorCode.NO_SUCH_ELEMENT:\n            exception_class = NoSuchElementException\n        elif status in ErrorCode.NO_SUCH_FRAME:\n            exception_class = NoSuchFrameException\n        elif status in ErrorCode.NO_SUCH_WINDOW:\n            exception_class = NoSuchWindowException\n        elif status in ErrorCode.STALE_ELEMENT_REFERENCE:\n            exception_class = StaleElementReferenceException\n        elif status in ErrorCode.ELEMENT_NOT_VISIBLE:\n            exception_class = ElementNotVisibleException\n        elif status in ErrorCode.INVALID_ELEMENT_STATE:\n            exception_class = InvalidElementStateException\n        elif status in ErrorCode.INVALID_SELECTOR \\\n                or status in ErrorCode.INVALID_XPATH_SELECTOR \\\n                or status in ErrorCode.INVALID_XPATH_SELECTOR_RETURN_TYPER:\n            exception_class = InvalidSelectorException\n        elif status in ErrorCode.ELEMENT_IS_NOT_SELECTABLE:\n            exception_class = ElementNotSelectableException\n        elif status in ErrorCode.ELEMENT_NOT_INTERACTABLE:\n            exception_class = ElementNotInteractableException\n        elif status in ErrorCode.INVALID_COOKIE_DOMAIN:\n            exception_class = InvalidCookieDomainException\n        elif status in ErrorCode.UNABLE_TO_SET_COOKIE:\n            exception_class = UnableToSetCookieException\n        elif status in ErrorCode.TIMEOUT:\n            exception_class = TimeoutException\n        elif status in ErrorCode.SCRIPT_TIMEOUT:\n            exception_class = TimeoutException\n        elif status in ErrorCode.UNKNOWN_ERROR:\n            exception_class = WebDriverException\n        elif status in ErrorCode.UNEXPECTED_ALERT_OPEN:\n            exception_class = UnexpectedAlertPresentException\n        elif status in ErrorCode.NO_ALERT_OPEN:\n            exception_class = NoAlertPresentException\n        elif status in ErrorCode.IME_NOT_AVAILABLE:\n            exception_class = ImeNotAvailableException\n        elif status in ErrorCode.IME_ENGINE_ACTIVATION_FAILED:\n            exception_class = ImeActivationFailedException\n        elif status in ErrorCode.MOVE_TARGET_OUT_OF_BOUNDS:\n            exception_class = MoveTargetOutOfBoundsException\n        elif status in ErrorCode.JAVASCRIPT_ERROR:\n            exception_class = JavascriptException\n        elif status in ErrorCode.SESSION_NOT_CREATED:\n            exception_class = SessionNotCreatedException\n        elif status in ErrorCode.INVALID_ARGUMENT:\n            exception_class = InvalidArgumentException\n        elif status in ErrorCode.NO_SUCH_COOKIE:\n            exception_class = NoSuchCookieException\n        elif status in ErrorCode.UNABLE_TO_CAPTURE_SCREEN:\n            exception_class = ScreenshotException\n        elif status in ErrorCode.ELEMENT_CLICK_INTERCEPTED:\n            exception_class = ElementClickInterceptedException\n        elif status in ErrorCode.INSECURE_CERTIFICATE:\n            exception_class = InsecureCertificateException\n        elif status in ErrorCode.INVALID_COORDINATES:\n            exception_class = InvalidCoordinatesException\n        elif status in ErrorCode.INVALID_SESSION_ID:\n            exception_class = InvalidSessionIdException\n        elif status in ErrorCode.UNKNOWN_METHOD:\n            exception_class = UnknownMethodException\n        else:\n            exception_class = WebDriverException\n        if value == '' or value is None:\n            value = response['value']\n        if isinstance(value, basestring):\n            if exception_class == ErrorInResponseException:\n                raise exception_class(response, value)\n            raise exception_class(value)\n        if message == \"\" and 'message' in value:\n            message = value['message']\n    \n        screen = None\n        if 'screen' in value:\n            screen = value['screen']\n    \n        stacktrace = None\n        if 'stackTrace' in value and value['stackTrace']:\n            stacktrace = []\n            try:\n                for frame in value['stackTrace']:\n                    line = self._value_or_default(frame, 'lineNumber', '')\n                    file = self._value_or_default(frame, 'fileName', '<anonymous>')\n                    if line:\n                        file = \"%s:%s\" % (file, line)\n                    meth = self._value_or_default(frame, 'methodName', '<anonymous>')\n                    if 'className' in frame:\n                        meth = \"%s.%s\" % (frame['className'], meth)\n                    msg = \"    at %s (%s)\"\n                    msg = msg % (meth, file)\n                    stacktrace.append(msg)\n            except TypeError:\n                pass\n        if exception_class == ErrorInResponseException:\n            raise exception_class(response, message)\n        elif exception_class == UnexpectedAlertPresentException:\n            alert_text = None\n            if 'data' in value:\n                alert_text = value['data'].get('text')\n            elif 'alert' in value:\n                alert_text = value['alert'].get('text')\n            raise exception_class(message, screen, stacktrace, alert_text)\n>       raise exception_class(message, screen, stacktrace)\nE       selenium.common.exceptions.InvalidArgumentException: Message: invalid argument: 'using' must be a string\nE         (Session info: chrome=85.0.4183.121)\n\nd:\\soft_install\\python3.8.5\\lib\\site-packages\\selenium\\webdriver\\remote\\errorhandler.py:242: InvalidArgumentException",
    "steps" : [ {
      "name" : "搜索部门 ",
      "time" : {
        "start" : 1608175747088,
        "stop" : 1608175759167,
        "duration" : 12079
      },
      "status" : "passed",
      "steps" : [ {
        "name" : "切换iframe到选择框",
        "time" : {
          "start" : 1608175747091,
          "stop" : 1608175747120,
          "duration" : 29
        },
        "status" : "passed",
        "steps" : [ ],
        "attachments" : [ ],
        "parameters" : [ {
          "name" : "ele",
          "value" : "('By.XPATH', '//div[@class=\"layui-layer-content\"]/iframe')"
        } ],
        "hasContent" : true,
        "stepsCount" : 0,
        "shouldDisplayMessage" : false,
        "attachmentsCount" : 0
      }, {
        "name" : "点击顶部的公司名称，是所有部门或这人员都展示在选择框内供选择",
        "time" : {
          "start" : 1608175747120,
          "stop" : 1608175747586,
          "duration" : 466
        },
        "status" : "passed",
        "steps" : [ ],
        "attachments" : [ {
          "uid" : "ee43409f8a98bbf1",
          "name" : "截图",
          "source" : "ee43409f8a98bbf1.png",
          "type" : "image/png",
          "size" : 155545
        } ],
        "parameters" : [ ],
        "hasContent" : true,
        "stepsCount" : 0,
        "shouldDisplayMessage" : false,
        "attachmentsCount" : 1
      }, {
        "name" : "切换iframe到选择框",
        "time" : {
          "start" : 1608175747586,
          "stop" : 1608175747615,
          "duration" : 29
        },
        "status" : "passed",
        "steps" : [ ],
        "attachments" : [ ],
        "parameters" : [ {
          "name" : "ele",
          "value" : "('By.NAME', 'ifmmiddle')"
        } ],
        "hasContent" : true,
        "stepsCount" : 0,
        "shouldDisplayMessage" : false,
        "attachmentsCount" : 0
      }, {
        "name" : "选择要发送的部门",
        "time" : {
          "start" : 1608175751822,
          "stop" : 1608175752527,
          "duration" : 705
        },
        "status" : "passed",
        "steps" : [ ],
        "attachments" : [ {
          "uid" : "d057516841759dca",
          "name" : "截图",
          "source" : "d057516841759dca.png",
          "type" : "image/png",
          "size" : 151790
        } ],
        "parameters" : [ ],
        "hasContent" : true,
        "stepsCount" : 0,
        "shouldDisplayMessage" : false,
        "attachmentsCount" : 1
      }, {
        "name" : "选择要发送的部门",
        "time" : {
          "start" : 1608175756680,
          "stop" : 1608175757344,
          "duration" : 664
        },
        "status" : "passed",
        "steps" : [ ],
        "attachments" : [ {
          "uid" : "cfddceb784832b7e",
          "name" : "截图",
          "source" : "cfddceb784832b7e.png",
          "type" : "image/png",
          "size" : 152889
        } ],
        "parameters" : [ ],
        "hasContent" : true,
        "stepsCount" : 0,
        "shouldDisplayMessage" : false,
        "attachmentsCount" : 1
      } ],
      "attachments" : [ {
        "uid" : "8926ead55b777540",
        "name" : "截图",
        "source" : "8926ead55b777540.png",
        "type" : "image/png",
        "size" : 152889
      }, {
        "uid" : "cf3c0cf8c0d50d75",
        "name" : "截图",
        "source" : "cf3c0cf8c0d50d75.png",
        "type" : "image/png",
        "size" : 154233
      } ],
      "parameters" : [ {
        "name" : "name",
        "value" : "['办公室', '计财科']"
      } ],
      "hasContent" : true,
      "stepsCount" : 5,
      "shouldDisplayMessage" : false,
      "attachmentsCount" : 5
    }, {
      "name" : "搜索部门 ",
      "time" : {
        "start" : 1608175760494,
        "stop" : 1608175767683,
        "duration" : 7189
      },
      "status" : "passed",
      "steps" : [ {
        "name" : "切换iframe到选择框",
        "time" : {
          "start" : 1608175760498,
          "stop" : 1608175760523,
          "duration" : 25
        },
        "status" : "passed",
        "steps" : [ ],
        "attachments" : [ ],
        "parameters" : [ {
          "name" : "ele",
          "value" : "('By.XPATH', '//div[@class=\"layui-layer-content\"]/iframe')"
        } ],
        "hasContent" : true,
        "stepsCount" : 0,
        "shouldDisplayMessage" : false,
        "attachmentsCount" : 0
      }, {
        "name" : "点击顶部的公司名称，是所有部门或这人员都展示在选择框内供选择",
        "time" : {
          "start" : 1608175760523,
          "stop" : 1608175760993,
          "duration" : 470
        },
        "status" : "passed",
        "steps" : [ ],
        "attachments" : [ {
          "uid" : "9ab92b429097adf2",
          "name" : "截图",
          "source" : "9ab92b429097adf2.png",
          "type" : "image/png",
          "size" : 155545
        } ],
        "parameters" : [ ],
        "hasContent" : true,
        "stepsCount" : 0,
        "shouldDisplayMessage" : false,
        "attachmentsCount" : 1
      }, {
        "name" : "切换iframe到选择框",
        "time" : {
          "start" : 1608175760993,
          "stop" : 1608175761020,
          "duration" : 27
        },
        "status" : "passed",
        "steps" : [ ],
        "attachments" : [ ],
        "parameters" : [ {
          "name" : "ele",
          "value" : "('By.NAME', 'ifmmiddle')"
        } ],
        "hasContent" : true,
        "stepsCount" : 0,
        "shouldDisplayMessage" : false,
        "attachmentsCount" : 0
      }, {
        "name" : "选择要发送的部门",
        "time" : {
          "start" : 1608175765212,
          "stop" : 1608175765888,
          "duration" : 676
        },
        "status" : "passed",
        "steps" : [ ],
        "attachments" : [ {
          "uid" : "d3f26bc1dfe796fa",
          "name" : "截图",
          "source" : "d3f26bc1dfe796fa.png",
          "type" : "image/png",
          "size" : 151603
        } ],
        "parameters" : [ ],
        "hasContent" : true,
        "stepsCount" : 0,
        "shouldDisplayMessage" : false,
        "attachmentsCount" : 1
      } ],
      "attachments" : [ {
        "uid" : "69c17f833ef82d7a",
        "name" : "截图",
        "source" : "69c17f833ef82d7a.png",
        "type" : "image/png",
        "size" : 151603
      }, {
        "uid" : "47ef46981521ca0",
        "name" : "截图",
        "source" : "47ef46981521ca0.png",
        "type" : "image/png",
        "size" : 164155
      } ],
      "parameters" : [ {
        "name" : "name",
        "value" : "['信息中心']"
      } ],
      "hasContent" : true,
      "stepsCount" : 4,
      "shouldDisplayMessage" : false,
      "attachmentsCount" : 4
    }, {
      "name" : "发文流程",
      "time" : {
        "start" : 1608175768783,
        "stop" : 1608175771499,
        "duration" : 2716
      },
      "status" : "broken",
      "statusMessage" : "selenium.common.exceptions.InvalidArgumentException: Message: invalid argument: 'using' must be a string\n  (Session info: chrome=85.0.4183.121)\n\n",
      "statusTrace" : "  File \"d:\\soft_install\\python3.8.5\\lib\\site-packages\\allure_commons\\_allure.py\", line 157, in impl\n    return func(*a, **kw)\n  File \"E:\\python_code\\OA_auto\\module\\send.py\", line 60, in send_text_flow\n    if (wjbt in self.documentHandle.get_document_titles()[0]) and (name in self.documentHandle.get_current_person()[0]):\n  File \"d:\\soft_install\\python3.8.5\\lib\\site-packages\\allure_commons\\_allure.py\", line 157, in impl\n    return func(*a, **kw)\n  File \"E:\\python_code\\OA_auto\\module\\document_handle.py\", line 13, in get_document_titles\n    eles = self.action.find_elements(self.document_title)\n  File \"d:\\soft_install\\python3.8.5\\lib\\site-packages\\selenium\\webdriver\\remote\\webdriver.py\", line 1005, in find_elements\n    return self.execute(Command.FIND_ELEMENTS, {\n  File \"d:\\soft_install\\python3.8.5\\lib\\site-packages\\selenium\\webdriver\\remote\\webdriver.py\", line 321, in execute\n    self.error_handler.check_response(response)\n  File \"d:\\soft_install\\python3.8.5\\lib\\site-packages\\selenium\\webdriver\\remote\\errorhandler.py\", line 242, in check_response\n    raise exception_class(message, screen, stacktrace)\n",
      "steps" : [ {
        "name" : "获取正文标题",
        "time" : {
          "start" : 1608175768783,
          "stop" : 1608175769152,
          "duration" : 369
        },
        "status" : "passed",
        "steps" : [ ],
        "attachments" : [ {
          "uid" : "f48cb4e37e7afbb8",
          "name" : "截图",
          "source" : "f48cb4e37e7afbb8.png",
          "type" : "image/png",
          "size" : 141343
        } ],
        "parameters" : [ ],
        "hasContent" : true,
        "stepsCount" : 0,
        "shouldDisplayMessage" : false,
        "attachmentsCount" : 1
      }, {
        "name" : "获取提示消息",
        "time" : {
          "start" : 1608175770185,
          "stop" : 1608175770546,
          "duration" : 361
        },
        "status" : "passed",
        "steps" : [ ],
        "attachments" : [ {
          "uid" : "a15d690d7e147619",
          "name" : "截图",
          "source" : "a15d690d7e147619.png",
          "type" : "image/png",
          "size" : 141343
        } ],
        "parameters" : [ ],
        "hasContent" : true,
        "stepsCount" : 0,
        "shouldDisplayMessage" : false,
        "attachmentsCount" : 1
      }, {
        "name" : "获取提示消息",
        "time" : {
          "start" : 1608175770546,
          "stop" : 1608175770912,
          "duration" : 366
        },
        "status" : "passed",
        "steps" : [ ],
        "attachments" : [ {
          "uid" : "9aae8aad7347dacd",
          "name" : "截图",
          "source" : "9aae8aad7347dacd.png",
          "type" : "image/png",
          "size" : 141343
        } ],
        "parameters" : [ ],
        "hasContent" : true,
        "stepsCount" : 0,
        "shouldDisplayMessage" : false,
        "attachmentsCount" : 1
      }, {
        "name" : "获取公文标题",
        "time" : {
          "start" : 1608175771472,
          "stop" : 1608175771474,
          "duration" : 2
        },
        "status" : "broken",
        "statusMessage" : "selenium.common.exceptions.InvalidArgumentException: Message: invalid argument: 'using' must be a string\n  (Session info: chrome=85.0.4183.121)\n\n",
        "statusTrace" : "  File \"d:\\soft_install\\python3.8.5\\lib\\site-packages\\allure_commons\\_allure.py\", line 157, in impl\n    return func(*a, **kw)\n  File \"E:\\python_code\\OA_auto\\module\\document_handle.py\", line 13, in get_document_titles\n    eles = self.action.find_elements(self.document_title)\n  File \"d:\\soft_install\\python3.8.5\\lib\\site-packages\\selenium\\webdriver\\remote\\webdriver.py\", line 1005, in find_elements\n    return self.execute(Command.FIND_ELEMENTS, {\n  File \"d:\\soft_install\\python3.8.5\\lib\\site-packages\\selenium\\webdriver\\remote\\webdriver.py\", line 321, in execute\n    self.error_handler.check_response(response)\n  File \"d:\\soft_install\\python3.8.5\\lib\\site-packages\\selenium\\webdriver\\remote\\errorhandler.py\", line 242, in check_response\n    raise exception_class(message, screen, stacktrace)\n",
        "steps" : [ ],
        "attachments" : [ ],
        "parameters" : [ ],
        "hasContent" : true,
        "stepsCount" : 0,
        "shouldDisplayMessage" : true,
        "attachmentsCount" : 0
      } ],
      "attachments" : [ {
        "uid" : "8765b23863ed6a51",
        "name" : "截图",
        "source" : "8765b23863ed6a51.png",
        "type" : "image/png",
        "size" : 173090
      } ],
      "parameters" : [ {
        "name" : "name",
        "value" : "'王新刚'"
      } ],
      "hasContent" : true,
      "stepsCount" : 4,
      "shouldDisplayMessage" : false,
      "attachmentsCount" : 4
    } ],
    "attachments" : [ {
      "uid" : "73e56c6420091963",
      "name" : "log",
      "source" : "73e56c6420091963.txt",
      "type" : "text/plain",
      "size" : 91
    } ],
    "parameters" : [ ],
    "hasContent" : true,
    "stepsCount" : 16,
    "shouldDisplayMessage" : true,
    "attachmentsCount" : 14
  },
  "afterStages" : [ {
    "name" : "_Class__pytest_setup_class::0",
    "time" : {
      "start" : 1608175797973,
      "stop" : 1608175797973,
      "duration" : 0
    },
    "status" : "passed",
    "steps" : [ ],
    "attachments" : [ ],
    "parameters" : [ ],
    "hasContent" : false,
    "stepsCount" : 0,
    "shouldDisplayMessage" : false,
    "attachmentsCount" : 0
  }, {
    "name" : "_UnitTestCase__pytest_class_setup::0",
    "time" : {
      "start" : 1608175797971,
      "stop" : 1608175797971,
      "duration" : 0
    },
    "status" : "passed",
    "steps" : [ ],
    "attachments" : [ ],
    "parameters" : [ ],
    "hasContent" : false,
    "stepsCount" : 0,
    "shouldDisplayMessage" : false,
    "attachmentsCount" : 0
  } ],
  "labels" : [ {
    "name" : "parentSuite",
    "value" : "test_scripts"
  }, {
    "name" : "suite",
    "value" : "test_fwgl"
  }, {
    "name" : "subSuite",
    "value" : "Test_demo01"
  }, {
    "name" : "host",
    "value" : "DESKTOP-65DR0V4"
  }, {
    "name" : "thread",
    "value" : "36008-MainThread"
  }, {
    "name" : "framework",
    "value" : "pytest"
  }, {
    "name" : "language",
    "value" : "cpython3"
  }, {
    "name" : "package",
    "value" : "test_scripts.test_fwgl"
  }, {
    "name" : "resultFormat",
    "value" : "allure2"
  } ],
  "parameters" : [ ],
  "links" : [ ],
  "hidden" : false,
  "retry" : false,
  "extra" : {
    "severity" : "normal",
    "retries" : [ {
      "uid" : "380bb6a64ad7688d",
      "status" : "broken",
      "statusDetails" : "selenium.common.exceptions.InvalidArgumentException: Message: invalid argument: invalid 'id'\n  (Session info: chrome=85.0.4183.121)",
      "time" : {
        "start" : 1608175404484,
        "stop" : 1608175457438,
        "duration" : 52954
      }
    }, {
      "uid" : "5c46600e91c4e750",
      "status" : "broken",
      "statusDetails" : "selenium.common.exceptions.InvalidArgumentException: Message: invalid argument: invalid 'id'\n  (Session info: chrome=85.0.4183.121)",
      "time" : {
        "start" : 1608175207063,
        "stop" : 1608175260939,
        "duration" : 53876
      }
    }, {
      "uid" : "30943bd0995bf85c",
      "status" : "broken",
      "statusDetails" : "selenium.common.exceptions.InvalidArgumentException: Message: invalid argument: invalid 'id'\n  (Session info: chrome=85.0.4183.121)",
      "time" : {
        "start" : 1608174925142,
        "stop" : 1608174978471,
        "duration" : 53329
      }
    }, {
      "uid" : "6274e541b48a8332",
      "status" : "broken",
      "statusDetails" : "selenium.common.exceptions.InvalidArgumentException: Message: invalid argument: invalid 'id'\n  (Session info: chrome=85.0.4183.121)",
      "time" : {
        "start" : 1608168688998,
        "stop" : 1608168742373,
        "duration" : 53375
      }
    }, {
      "uid" : "886e5cd920d9f4e4",
      "status" : "passed",
      "time" : {
        "start" : 1608168175236,
        "stop" : 1608168206821,
        "duration" : 31585
      }
    }, {
      "uid" : "68f928988a9f2f5",
      "status" : "broken",
      "statusDetails" : "selenium.common.exceptions.InvalidArgumentException: Message: invalid argument: invalid 'id'\n  (Session info: chrome=85.0.4183.121)",
      "time" : {
        "start" : 1608168067463,
        "stop" : 1608168098242,
        "duration" : 30779
      }
    }, {
      "uid" : "2f49c3e4e6bc9aa4",
      "status" : "passed",
      "time" : {
        "start" : 1608168032610,
        "stop" : 1608168045449,
        "duration" : 12839
      }
    }, {
      "uid" : "e1bfd095ddb93714",
      "status" : "passed",
      "time" : {
        "start" : 1608167720444,
        "stop" : 1608167732614,
        "duration" : 12170
      }
    }, {
      "uid" : "f1ce0a36cc62806a",
      "status" : "broken",
      "statusDetails" : "selenium.common.exceptions.StaleElementReferenceException: Message: stale element reference: element is not attached to the page document\n  (Session info: chrome=85.0.4183.121)",
      "time" : {
        "start" : 1608167385402,
        "stop" : 1608167415046,
        "duration" : 29644
      }
    }, {
      "uid" : "93beff9ac7d67ca0",
      "status" : "broken",
      "statusDetails" : "selenium.common.exceptions.StaleElementReferenceException: Message: stale element reference: element is not attached to the page document\n  (Session info: chrome=85.0.4183.121)",
      "time" : {
        "start" : 1608166791473,
        "stop" : 1608166823459,
        "duration" : 31986
      }
    }, {
      "uid" : "b782904aa47ece7e",
      "status" : "passed",
      "time" : {
        "start" : 1608095106733,
        "stop" : 1608095124666,
        "duration" : 17933
      }
    }, {
      "uid" : "19c2ac207f12315c",
      "status" : "passed",
      "time" : {
        "start" : 1608094750870,
        "stop" : 1608094768968,
        "duration" : 18098
      }
    }, {
      "uid" : "4bd4d5f0e4beb526",
      "status" : "passed",
      "time" : {
        "start" : 1608094695017,
        "stop" : 1608094710251,
        "duration" : 15234
      }
    }, {
      "uid" : "d5eac08fe51a0d8b",
      "status" : "passed",
      "time" : {
        "start" : 1608094463407,
        "stop" : 1608094478541,
        "duration" : 15134
      }
    }, {
      "uid" : "cbf972b3fcbe7561",
      "status" : "passed",
      "time" : {
        "start" : 1608094198930,
        "stop" : 1608094254236,
        "duration" : 55306
      }
    }, {
      "uid" : "512541860dfce6f8",
      "status" : "passed",
      "time" : {
        "start" : 1608094127514,
        "stop" : 1608094159738,
        "duration" : 32224
      }
    }, {
      "uid" : "60181aeeae12504b",
      "status" : "passed",
      "time" : {
        "start" : 1608094050609,
        "stop" : 1608094105305,
        "duration" : 54696
      }
    }, {
      "uid" : "9ca1ef2755757ed5",
      "status" : "passed",
      "time" : {
        "start" : 1608093939742,
        "stop" : 1608093972568,
        "duration" : 32826
      }
    }, {
      "uid" : "9160336227697bb0",
      "status" : "passed",
      "time" : {
        "start" : 1608091033992,
        "stop" : 1608091088059,
        "duration" : 54067
      }
    }, {
      "uid" : "5db6255e0e70ef8c",
      "status" : "passed",
      "time" : {
        "start" : 1608090393086,
        "stop" : 1608090407049,
        "duration" : 13963
      }
    }, {
      "uid" : "80b5089ba81b4c26",
      "status" : "passed",
      "time" : {
        "start" : 1608090121866,
        "stop" : 1608090135677,
        "duration" : 13811
      }
    }, {
      "uid" : "ca605ab80dae3c17",
      "status" : "passed",
      "time" : {
        "start" : 1608090022311,
        "stop" : 1608090036809,
        "duration" : 14498
      }
    }, {
      "uid" : "6e7e8a08ed4e1a28",
      "status" : "passed",
      "time" : {
        "start" : 1608089238247,
        "stop" : 1608089253272,
        "duration" : 15025
      }
    }, {
      "uid" : "3a984fcf8598dc6a",
      "status" : "passed",
      "time" : {
        "start" : 1608089128036,
        "stop" : 1608089143362,
        "duration" : 15326
      }
    }, {
      "uid" : "7371ce1056c14391",
      "status" : "passed",
      "time" : {
        "start" : 1608088994500,
        "stop" : 1608089009456,
        "duration" : 14956
      }
    }, {
      "uid" : "5f1cd49d47f660d1",
      "status" : "broken",
      "statusDetails" : "AttributeError: 'bool' object has no attribute 'clear'",
      "time" : {
        "start" : 1608088953512,
        "stop" : 1608088984589,
        "duration" : 31077
      }
    }, {
      "uid" : "4167199d2044a8a5",
      "status" : "broken",
      "statusDetails" : "selenium.common.exceptions.InvalidArgumentException: Message: invalid argument: invalid 'id'\n  (Session info: chrome=85.0.4183.121)",
      "time" : {
        "start" : 1608088844744,
        "stop" : 1608088881085,
        "duration" : 36341
      }
    }, {
      "uid" : "9a735472d640a8cc",
      "status" : "broken",
      "statusDetails" : "selenium.common.exceptions.InvalidArgumentException: Message: invalid argument: invalid 'id'\n  (Session info: chrome=85.0.4183.121)",
      "time" : {
        "start" : 1608088636598,
        "stop" : 1608088667717,
        "duration" : 31119
      }
    }, {
      "uid" : "e7cb5aab8257be60",
      "status" : "broken",
      "statusDetails" : "selenium.common.exceptions.InvalidArgumentException: Message: invalid argument: invalid 'id'\n  (Session info: chrome=85.0.4183.121)",
      "time" : {
        "start" : 1608088523660,
        "stop" : 1608088554890,
        "duration" : 31230
      }
    }, {
      "uid" : "5dbd86e0cf02d9ba",
      "status" : "broken",
      "statusDetails" : "NameError: name 'test' is not defined",
      "time" : {
        "start" : 1608088461536,
        "stop" : 1608088472626,
        "duration" : 11090
      }
    }, {
      "uid" : "b1cac7ae5bd78558",
      "status" : "broken",
      "statusDetails" : "TypeError: frame() missing 1 required positional argument: 'frame_reference'",
      "time" : {
        "start" : 1608088436477,
        "stop" : 1608088440377,
        "duration" : 3900
      }
    }, {
      "uid" : "2e38961333c44b93",
      "status" : "broken",
      "statusDetails" : "AttributeError: 'bool' object has no attribute 'click'",
      "time" : {
        "start" : 1608088013238,
        "stop" : 1608088044227,
        "duration" : 30989
      }
    }, {
      "uid" : "e4665e2e48d2b1db",
      "status" : "broken",
      "statusDetails" : "AttributeError: 'bool' object has no attribute 'click'",
      "time" : {
        "start" : 1608087418665,
        "stop" : 1608087450200,
        "duration" : 31535
      }
    }, {
      "uid" : "1c7a2016003469cd",
      "status" : "broken",
      "statusDetails" : "selenium.common.exceptions.InvalidArgumentException: Message: invalid argument: invalid locator\n  (Session info: chrome=85.0.4183.121)",
      "time" : {
        "start" : 1608087327822,
        "stop" : 1608087338799,
        "duration" : 10977
      }
    }, {
      "uid" : "31f4e80fbf6394d7",
      "status" : "broken",
      "statusDetails" : "selenium.common.exceptions.ElementClickInterceptedException: Message: element click intercepted: Element <iframe name=\"rfm\" src=\"/loginmain4/frmdesktop_notoolbar.jsp?agent=hcit.project.jmdy.loginmain.OpenLoginMain\" class=\"home\" width=\"100%\" height=\"100%\" frameborder=\"0\" scrolling=\"auto\" cd_frame_id_=\"80d276d3b890a5dffe363427be3e1c19\"></iframe> is not clickable at point (1011, 95). Other element would receive the click: <div class=\"layui-layer-title\" style=\"cursor: move;\">...</div>\n  (Session info: chrome=85.0.4183.121)",
      "time" : {
        "start" : 1608086771505,
        "stop" : 1608086786927,
        "duration" : 15422
      }
    }, {
      "uid" : "9ae44801b062e12b",
      "status" : "broken",
      "statusDetails" : "selenium.common.exceptions.StaleElementReferenceException: Message: stale element reference: element is not attached to the page document\n  (Session info: chrome=85.0.4183.121)",
      "time" : {
        "start" : 1608086086842,
        "stop" : 1608086112338,
        "duration" : 25496
      }
    }, {
      "uid" : "33bc8474a23a5bfb",
      "status" : "broken",
      "statusDetails" : "TypeError: not all arguments converted during string formatting",
      "time" : {
        "start" : 1608086036362,
        "stop" : 1608086046448,
        "duration" : 10086
      }
    }, {
      "uid" : "fc6f1b457c0428eb",
      "status" : "broken",
      "statusDetails" : "TypeError: not all arguments converted during string formatting",
      "time" : {
        "start" : 1608085912982,
        "stop" : 1608085923197,
        "duration" : 10215
      }
    }, {
      "uid" : "a28c8e93bb6bf51c",
      "status" : "broken",
      "statusDetails" : "TypeError: not all arguments converted during string formatting",
      "time" : {
        "start" : 1608081274136,
        "stop" : 1608081284059,
        "duration" : 9923
      }
    }, {
      "uid" : "b09973bc3d6691fd",
      "status" : "broken",
      "statusDetails" : "selenium.common.exceptions.StaleElementReferenceException: Message: stale element reference: element is not attached to the page document\n  (Session info: chrome=85.0.4183.121)",
      "time" : {
        "start" : 1608080951379,
        "stop" : 1608080977437,
        "duration" : 26058
      }
    }, {
      "uid" : "733d81276ddeaab2",
      "status" : "broken",
      "statusDetails" : "selenium.common.exceptions.InvalidArgumentException: Message: invalid argument: invalid 'id'\n  (Session info: chrome=85.0.4183.121)",
      "time" : {
        "start" : 1608080649295,
        "stop" : 1608080691272,
        "duration" : 41977
      }
    }, {
      "uid" : "e243622e6f150275",
      "status" : "broken",
      "statusDetails" : "selenium.common.exceptions.WebDriverException: Message: chrome not reachable\n  (Session info: chrome=85.0.4183.121)",
      "time" : {
        "start" : 1608080106045,
        "stop" : 1608080117606,
        "duration" : 11561
      }
    }, {
      "uid" : "2e913934e75daac9",
      "status" : "broken",
      "statusDetails" : "selenium.common.exceptions.StaleElementReferenceException: Message: stale element reference: element is not attached to the page document\n  (Session info: chrome=85.0.4183.121)",
      "time" : {
        "start" : 1608019340557,
        "stop" : 1608019391209,
        "duration" : 50652
      }
    }, {
      "uid" : "94706610fad3a60b",
      "status" : "broken",
      "statusDetails" : "selenium.common.exceptions.StaleElementReferenceException: Message: stale element reference: element is not attached to the page document\n  (Session info: chrome=85.0.4183.121)",
      "time" : {
        "start" : 1608018832834,
        "stop" : 1608018863469,
        "duration" : 30635
      }
    }, {
      "uid" : "2d55ecbf1088a867",
      "status" : "broken",
      "statusDetails" : "AttributeError: 'bool' object has no attribute 'clear'",
      "time" : {
        "start" : 1608018763388,
        "stop" : 1608018811217,
        "duration" : 47829
      }
    }, {
      "uid" : "3ac946b0c059a9d3",
      "status" : "broken",
      "statusDetails" : "selenium.common.exceptions.StaleElementReferenceException: Message: stale element reference: element is not attached to the page document\n  (Session info: chrome=85.0.4183.121)",
      "time" : {
        "start" : 1608017691085,
        "stop" : 1608017721650,
        "duration" : 30565
      }
    } ],
    "categories" : [ {
      "name" : "Test defects",
      "matchedStatuses" : [ ],
      "flaky" : false
    } ],
    "tags" : [ ]
  },
  "source" : "f191c65fbedb89ab.json",
  "parameterValues" : [ ]
}